<?xml version="1.0" encoding="UTF-8"?>
<testng-results skipped="0" failed="0" ignored="0" total="1" passed="1">
  <reporter-output>
  </reporter-output>
  <suite name="Default suite" duration-ms="7499" started-at="2021-08-18T00:33:57 PDT" finished-at="2021-08-18T00:34:04 PDT">
    <groups>
    </groups>
    <test name="Default test" duration-ms="7499" started-at="2021-08-18T00:33:57 PDT" finished-at="2021-08-18T00:34:04 PDT">
      <class name="test.AddCustomerTest">
        <test-method status="PASS" signature="userShouldBeAbleToAddCustomer()[pri:0, instance:test.AddCustomerTest@6321e813]" name="userShouldBeAbleToAddCustomer" duration-ms="7468" started-at="2021-08-18T00:33:57 PDT" finished-at="2021-08-18T00:34:04 PDT">
          <reporter-output>
          </reporter-output>
        </test-method> <!-- userShouldBeAbleToAddCustomer -->
      </class> <!-- test.AddCustomerTest -->
    </test> <!-- Default test -->
  </suite> <!-- Default suite -->
</testng-results>
